{
  "RSpec": {
    "coverage": {
      "/rails/app/controllers/store_controllers/base_controller.rb": {
        "lines": [
          null,
          null,
          1,
          null,
          null,
          null,
          null,
          null,
          null,
          1,
          1,
          1,
          null,
          null,
          null,
          null,
          null,
          null,
          null,
          1,
          1,
          1,
          null,
          null,
          1,
          null,
          null,
          null,
          null,
          null,
          1,
          null,
          null,
          null,
          null,
          1,
          null,
          0,
          null,
          0,
          null,
          null,
          null,
          null,
          null,
          1,
          null,
          0,
          0,
          0,
          null,
          null,
          0,
          0,
          null,
          null,
          null,
          null,
          1,
          0,
          null,
          null,
          null,
          null,
          null,
          null,
          null,
          null,
          null,
          null,
          null,
          null,
          null,
          null,
          null,
          null,
          null,
          null,
          null,
          null,
          null,
          1,
          0,
          0,
          0,
          null,
          null,
          0,
          0,
          null,
          null,
          null,
          null,
          null,
          null,
          null,
          null,
          null,
          1,
          0,
          null,
          null,
          null,
          1,
          0,
          0,
          null,
          0,
          null,
          null,
          null,
          null,
          null,
          null,
          null,
          null,
          1,
          null,
          0,
          null,
          null,
          null,
          1,
          0,
          null,
          null,
          null,
          null,
          null,
          null,
          null,
          1,
          null,
          null,
          null,
          null,
          null,
          null,
          null,
          null,
          null,
          null,
          null,
          null,
          null,
          null,
          null,
          null,
          null,
          null,
          null,
          null,
          null,
          null,
          null,
          null,
          null,
          null,
          null,
          null,
          null
        ],
        "branches": {
          "[:if, 0, 48, 6, 55, 9]": {
            "[:then, 1, 49, 8, 50, 37]": 0,
            "[:else, 2, 53, 8, 54, 27]": 0
          },
          "[:if, 3, 105, 6, 109, 9]": {
            "[:then, 4, 106, 8, 106, 70]": 0,
            "[:else, 5, 108, 8, 108, 13]": 0
          }
        }
      },
      "/rails/app/controllers/application_controller.rb": {
        "lines": [
          null,
          null,
          1,
          null,
          1,
          null,
          null,
          1,
          null,
          null,
          1,
          null,
          null,
          1,
          null,
          null,
          1,
          null,
          null,
          1,
          1,
          null,
          null,
          null,
          null,
          null,
          1,
          1,
          null,
          null,
          null,
          null,
          null,
          null,
          null,
          null,
          null,
          null,
          null,
          null,
          null,
          null,
          1,
          null,
          null,
          1,
          0,
          0,
          null,
          null,
          null,
          null,
          null,
          1,
          null,
          0,
          null,
          null,
          null,
          null,
          null,
          null,
          null,
          null,
          null,
          null,
          null,
          0,
          0,
          0,
          0,
          null,
          null,
          null,
          0,
          null,
          null,
          0,
          0,
          null,
          null,
          null,
          null,
          null,
          null,
          null,
          null,
          null,
          null,
          null,
          1,
          null,
          0,
          null,
          null,
          0,
          0,
          null,
          0,
          0,
          null,
          null,
          null,
          null,
          null,
          null,
          null,
          null,
          null,
          null,
          null,
          null,
          null,
          null,
          null,
          1,
          null,
          0,
          null,
          null,
          null,
          null,
          null,
          0,
          0,
          null,
          null,
          null,
          null,
          1,
          null,
          0,
          null,
          null,
          null,
          null,
          null,
          null,
          0,
          0,
          0,
          null,
          null,
          null,
          null,
          1,
          0,
          null,
          0,
          0,
          0,
          0,
          null,
          0,
          0,
          null,
          null,
          null,
          null,
          null,
          1,
          0,
          null,
          null,
          null,
          1,
          null,
          0,
          null,
          null,
          null,
          null,
          null,
          null,
          null,
          null,
          null,
          null,
          null,
          null,
          null,
          null,
          null,
          null,
          null,
          null,
          null,
          null,
          null,
          null,
          null,
          null,
          null,
          null,
          null,
          null,
          null,
          null,
          null,
          null,
          null,
          null,
          null,
          null,
          null,
          null,
          null,
          null,
          null,
          null,
          null,
          null,
          null,
          null,
          null,
          null,
          null,
          null,
          null,
          null,
          null,
          null,
          null,
          null,
          null,
          null,
          null,
          null,
          null,
          null,
          null,
          null,
          null,
          null,
          null,
          null,
          null,
          null,
          null,
          null,
          null,
          null,
          null,
          null,
          null,
          null,
          null,
          null,
          null,
          null,
          null,
          null,
          null,
          null,
          null,
          null,
          null,
          null,
          null,
          null,
          null,
          null,
          null,
          null,
          null,
          null,
          null,
          null,
          null,
          null,
          null,
          null,
          null,
          null,
          null,
          null,
          null,
          null,
          null,
          null,
          null,
          null,
          null,
          null,
          null,
          null,
          null,
          null,
          null,
          null,
          null,
          null,
          null,
          null,
          null,
          null,
          null,
          null,
          null,
          null,
          null,
          null,
          null,
          null,
          null,
          null,
          null,
          null,
          null,
          null,
          null,
          null,
          null,
          null,
          null,
          null,
          null,
          null,
          null,
          null,
          null,
          null,
          null,
          null,
          null,
          null,
          null,
          null,
          null,
          null,
          null,
          null,
          null,
          null,
          null,
          null,
          null,
          null,
          null,
          null,
          null
        ],
        "branches": {
          "[:if, 0, 56, 4, 56, 29]": {
            "[:then, 1, 56, 4, 56, 10]": 0,
            "[:else, 2, 56, 4, 56, 29]": 0
          },
          "[:if, 3, 68, 4, 72, 7]": {
            "[:then, 4, 69, 6, 71, 12]": 0,
            "[:else, 5, 68, 4, 72, 7]": 0
          },
          "[:if, 6, 78, 4, 87, 7]": {
            "[:then, 7, 79, 6, 86, 16]": 0,
            "[:else, 8, 78, 4, 87, 7]": 0
          },
          "[:if, 9, 93, 4, 93, 29]": {
            "[:then, 10, 93, 4, 93, 10]": 0,
            "[:else, 11, 93, 4, 93, 29]": 0
          },
          "[:if, 12, 96, 4, 108, 7]": {
            "[:then, 13, 97, 6, 107, 9]": 0,
            "[:else, 14, 96, 4, 108, 7]": 0
          },
          "[:if, 15, 99, 6, 107, 9]": {
            "[:then, 16, 100, 8, 106, 18]": 0,
            "[:else, 17, 99, 6, 107, 9]": 0
          },
          "[:if, 18, 124, 4, 126, 7]": {
            "[:then, 19, 125, 6, 125, 56]": 0,
            "[:else, 20, 124, 4, 126, 7]": 0
          }
        }
      },
      "/rails/app/controllers/concerns/error_handlers.rb": {
        "lines": [
          null,
          null,
          1,
          1,
          null,
          1,
          null,
          1,
          1,
          1,
          null,
          null,
          1,
          1,
          null,
          null,
          null,
          null,
          null,
          null,
          null,
          null,
          1,
          null,
          null,
          null,
          null,
          null,
          null,
          null,
          null,
          null,
          null,
          null,
          null,
          null,
          null,
          null,
          null,
          null,
          null,
          null,
          null,
          null,
          null,
          null,
          null,
          null,
          null,
          null,
          null,
          null,
          null,
          null,
          null,
          null,
          null,
          null,
          null,
          null,
          null,
          null,
          null,
          null,
          null,
          null,
          null,
          null,
          null,
          null,
          1,
          null,
          null,
          null,
          null,
          1,
          null,
          0,
          null,
          null,
          0,
          null,
          0,
          null,
          null,
          0,
          null,
          0,
          0,
          null,
          null,
          null,
          null,
          0,
          0,
          null,
          0,
          null,
          null,
          null,
          null,
          null,
          0,
          0,
          null,
          null,
          null,
          null,
          null,
          null,
          null,
          null,
          null,
          1,
          0,
          0,
          null,
          0,
          null,
          0,
          0,
          null,
          null,
          null,
          0,
          null,
          null,
          null,
          null,
          0,
          null,
          null,
          null,
          0,
          0,
          0,
          null,
          null,
          null,
          null,
          0,
          0,
          null,
          0,
          null,
          null,
          null,
          null,
          null,
          0,
          0,
          null,
          null,
          null,
          null,
          null,
          null,
          null,
          null,
          null,
          null,
          1,
          0,
          null,
          null,
          0,
          null,
          null,
          null,
          null,
          null,
          null,
          null,
          null,
          null,
          0,
          null,
          0,
          null,
          null,
          null,
          null,
          null,
          null,
          null,
          null,
          null,
          null,
          null,
          null,
          null,
          null,
          null,
          null,
          null,
          null,
          null,
          null,
          null,
          null,
          null,
          null,
          null,
          null,
          null,
          null,
          null,
          1,
          null,
          0,
          null,
          null,
          null,
          0,
          null,
          null,
          null,
          null,
          null,
          0,
          null,
          null,
          null,
          null,
          null,
          null,
          1,
          null,
          0,
          0,
          null,
          0,
          null,
          0,
          null,
          null,
          null,
          null,
          0,
          null,
          null,
          null,
          null,
          null,
          null,
          1,
          0,
          null,
          null,
          0,
          null,
          null,
          0,
          null,
          null,
          null,
          null,
          null,
          null,
          null,
          1,
          0,
          null,
          null,
          null,
          null,
          null,
          1,
          0,
          0,
          0,
          0,
          null,
          null,
          null,
          null,
          null
        ],
        "branches": {
          "[:if, 0, 88, 8, 99, 11]": {
            "[:then, 1, 89, 10, 89, 47]": 0,
            "[:else, 2, 94, 10, 98, 13]": 0
          },
          "[:if, 3, 94, 10, 98, 13]": {
            "[:then, 4, 95, 12, 95, 59]": 0,
            "[:else, 5, 97, 12, 97, 48]": 0
          },
          "[:if, 6, 125, 21, 125, 70]": {
            "[:then, 7, 125, 47, 125, 64]": 0,
            "[:else, 8, 125, 67, 125, 70]": 0
          },
          "[:\"&.\", 9, 125, 47, 125, 64]": {
            "[:then, 10, 125, 47, 125, 64]": 0,
            "[:else, 11, 125, 47, 125, 64]": 0
          },
          "[:if, 12, 135, 8, 146, 11]": {
            "[:then, 13, 136, 10, 136, 47]": 0,
            "[:else, 14, 141, 10, 145, 13]": 0
          },
          "[:if, 15, 141, 10, 145, 13]": {
            "[:then, 16, 142, 12, 142, 59]": 0,
            "[:else, 17, 144, 12, 144, 48]": 0
          },
          "[:if, 18, 163, 15, 163, 45]": {
            "[:then, 19, 163, 31, 163, 37]": 0,
            "[:else, 20, 163, 40, 163, 45]": 0
          },
          "[:if, 21, 176, 4, 176, 69]": {
            "[:then, 22, 176, 4, 176, 52]": 0,
            "[:else, 23, 176, 4, 176, 69]": 0
          },
          "[:if, 24, 214, 17, 214, 66]": {
            "[:then, 25, 214, 43, 214, 60]": 0,
            "[:else, 26, 214, 63, 214, 66]": 0
          },
          "[:\"&.\", 27, 214, 43, 214, 60]": {
            "[:then, 28, 214, 43, 214, 60]": 0,
            "[:else, 29, 214, 43, 214, 60]": 0
          },
          "[:case, 30, 228, 4, 240, 7]": {
            "[:when, 31, 230, 6, 230, 26]": 0,
            "[:when, 32, 232, 6, 232, 24]": 0,
            "[:when, 33, 234, 6, 234, 25]": 0,
            "[:else, 34, 239, 6, 239, 71]": 0
          },
          "[:case, 35, 247, 4, 256, 7]": {
            "[:when, 36, 250, 6, 250, 43]": 0,
            "[:when, 37, 253, 6, 253, 42]": 0,
            "[:else, 38, 247, 4, 256, 7]": 0
          },
          "[:if, 39, 269, 4, 275, 7]": {
            "[:then, 40, 270, 6, 270, 23]": 0,
            "[:else, 41, 271, 4, 274, 9]": 0
          },
          "[:\"&.\", 42, 270, 6, 270, 23]": {
            "[:then, 43, 270, 6, 270, 23]": 0,
            "[:else, 44, 270, 6, 270, 23]": 0
          },
          "[:if, 45, 271, 4, 274, 9]": {
            "[:then, 46, 272, 6, 272, 28]": 0,
            "[:else, 47, 271, 4, 274, 9]": 0
          },
          "[:\"&.\", 48, 272, 6, 272, 28]": {
            "[:then, 49, 272, 6, 272, 28]": 0,
            "[:else, 50, 272, 6, 272, 28]": 0
          }
        }
      },
      "/rails/app/lib/custom_error.rb": {
        "lines": [
          1,
          null,
          1,
          1,
          null,
          null,
          null,
          null,
          null,
          1,
          0,
          0,
          0,
          null,
          null,
          0,
          0,
          null,
          null,
          null,
          null,
          1,
          0,
          null,
          null,
          null,
          null,
          1,
          0,
          null,
          null,
          null,
          null,
          1,
          0,
          null,
          null,
          null,
          null,
          null,
          null,
          1,
          1,
          0,
          null,
          null,
          1,
          0,
          null,
          null,
          1,
          0,
          null,
          null,
          null,
          null,
          1,
          1,
          0,
          null,
          null,
          1,
          0,
          null,
          null,
          1,
          0,
          null,
          null,
          null,
          null,
          1,
          1,
          0,
          null,
          null,
          1,
          0,
          null,
          null,
          1,
          0,
          null,
          null,
          null
        ],
        "branches": {}
      },
      "/rails/app/controllers/concerns/security_headers.rb": {
        "lines": [
          null,
          null,
          null,
          null,
          null,
          null,
          null,
          null,
          1,
          1,
          null,
          1,
          null,
          1,
          null,
          null,
          1,
          null,
          null,
          1,
          null,
          null,
          1,
          null,
          null,
          0,
          null,
          null,
          null,
          0,
          null,
          null,
          null,
          0,
          null,
          null,
          null,
          0,
          null,
          null,
          null,
          0,
          null,
          null,
          null,
          0,
          null,
          null,
          0,
          null,
          null,
          0,
          null,
          null,
          null,
          null,
          0,
          0,
          null,
          null,
          null,
          1,
          0,
          null,
          null,
          0,
          null,
          null,
          0,
          null,
          0,
          null,
          null,
          0,
          null,
          null,
          null,
          0,
          0,
          null,
          null,
          0,
          null,
          null,
          null,
          0,
          null,
          null,
          0,
          null,
          null,
          0,
          null,
          null,
          0,
          null,
          null,
          0,
          null,
          null,
          0,
          null,
          null,
          0,
          null,
          null,
          0,
          null,
          null,
          0,
          null,
          null,
          0,
          null,
          null,
          0,
          null,
          null,
          0,
          0,
          0,
          null,
          null,
          0,
          null,
          null,
          null,
          1,
          0,
          null,
          null,
          0,
          null,
          null,
          0,
          null,
          null,
          0,
          null,
          null,
          0,
          null,
          null,
          0,
          null,
          null,
          0,
          null,
          null,
          0,
          null,
          null,
          0,
          null,
          null,
          0,
          null,
          null,
          0,
          null,
          0,
          null,
          null,
          null,
          1,
          0,
          null,
          0,
          0,
          0,
          null,
          null,
          0,
          0,
          null,
          null,
          0,
          null,
          null,
          null,
          1,
          null,
          0,
          null,
          0,
          0,
          null,
          null,
          null,
          1,
          0,
          null,
          null,
          null,
          null,
          null,
          null,
          null,
          1,
          0,
          null,
          null,
          null,
          1,
          0,
          null,
          null,
          null,
          null,
          null,
          null,
          null,
          null,
          null,
          null,
          null,
          null,
          null,
          null,
          null,
          null,
          null,
          null,
          null,
          null,
          null,
          null,
          null,
          null,
          null,
          null,
          null,
          null,
          null,
          null,
          null,
          null,
          null,
          null,
          null,
          null,
          null,
          null,
          null
        ],
        "branches": {
          "[:if, 0, 17, 4, 17, 79]": {
            "[:then, 1, 17, 4, 17, 48]": 1,
            "[:else, 2, 17, 4, 17, 79]": 0
          },
          "[:if, 3, 49, 4, 53, 7]": {
            "[:then, 4, 52, 6, 52, 100]": 0,
            "[:else, 5, 49, 4, 53, 7]": 0
          },
          "[:if, 6, 69, 4, 75, 7]": {
            "[:then, 7, 71, 6, 71, 109]": 0,
            "[:else, 8, 74, 6, 74, 84]": 0
          },
          "[:if, 9, 78, 4, 83, 7]": {
            "[:then, 10, 79, 6, 79, 58]": 0,
            "[:else, 11, 82, 6, 82, 83]": 0
          },
          "[:if, 12, 116, 4, 116, 74]": {
            "[:then, 13, 116, 4, 116, 49]": 0,
            "[:else, 14, 116, 4, 116, 74]": 0
          },
          "[:if, 15, 119, 4, 122, 7]": {
            "[:then, 16, 120, 6, 121, 48]": 0,
            "[:else, 17, 119, 4, 122, 7]": 0
          },
          "[:if, 18, 168, 4, 171, 7]": {
            "[:then, 19, 169, 6, 170, 33]": 0,
            "[:else, 20, 168, 4, 171, 7]": 0
          },
          "[:if, 21, 173, 4, 175, 7]": {
            "[:then, 22, 174, 6, 174, 43]": 0,
            "[:else, 23, 173, 4, 175, 7]": 0
          }
        }
      },
      "/rails/app/controllers/concerns/store_authenticatable.rb": {
        "lines": [
          null,
          null,
          null,
          null,
          null,
          null,
          null,
          1,
          1,
          null,
          1,
          null,
          1,
          null,
          null,
          1,
          1,
          null,
          null,
          null,
          null,
          null,
          null,
          null,
          1,
          0,
          null,
          null,
          null,
          1,
          0,
          null,
          null,
          null,
          1,
          0,
          0,
          null,
          null,
          0,
          0,
          null,
          null,
          null,
          0,
          null,
          null,
          null,
          null,
          null,
          null,
          1,
          0,
          null,
          0,
          0,
          null,
          null,
          null,
          null,
          null,
          null,
          null,
          null,
          null,
          1,
          0,
          null,
          null,
          null,
          null,
          null,
          null,
          0,
          null,
          null,
          null,
          null,
          0,
          0,
          null,
          null,
          null,
          null,
          null,
          null,
          null,
          null,
          null,
          1,
          0,
          null,
          null,
          0,
          0,
          null,
          null,
          null,
          null,
          null,
          1,
          0,
          null,
          0,
          null,
          0,
          0,
          0,
          null,
          0,
          null,
          null,
          0,
          null,
          null,
          null,
          null,
          0,
          null,
          null,
          null,
          null,
          1,
          null,
          null,
          1,
          0,
          null,
          null,
          0,
          null,
          null,
          0,
          null,
          null,
          null,
          null,
          null,
          null,
          null,
          null,
          null,
          null,
          null,
          null,
          null,
          null,
          null,
          null,
          null,
          null,
          null,
          null,
          null,
          null,
          null,
          null,
          null,
          null,
          null,
          null,
          null,
          null,
          null,
          null,
          null,
          null,
          null,
          null,
          null,
          null,
          null,
          null,
          null,
          null,
          null,
          null,
          null,
          null,
          null,
          null,
          null,
          null,
          null,
          null,
          null,
          null,
          null,
          null,
          null
        ],
        "branches": {
          "[:\"&.\", 0, 26, 23, 26, 48]": {
            "[:then, 1, 26, 23, 26, 48]": 0,
            "[:else, 2, 26, 23, 26, 48]": 0
          },
          "[:unless, 3, 36, 4, 48, 7]": {
            "[:else, 4, 36, 4, 48, 7]": 0,
            "[:then, 5, 37, 6, 47, 9]": 0
          },
          "[:if, 6, 40, 6, 47, 9]": {
            "[:then, 7, 41, 8, 42, 67]": 0,
            "[:else, 8, 45, 8, 46, 76]": 0
          },
          "[:unless, 9, 55, 4, 58, 7]": {
            "[:else, 10, 55, 4, 58, 7]": 0,
            "[:then, 11, 56, 6, 57, 75]": 0
          },
          "[:unless, 12, 67, 4, 67, 54]": {
            "[:else, 13, 67, 4, 67, 54]": 0,
            "[:then, 14, 67, 4, 67, 10]": 0
          },
          "[:unless, 15, 79, 4, 82, 7]": {
            "[:else, 16, 79, 4, 82, 7]": 0,
            "[:then, 17, 80, 6, 81, 59]": 0
          },
          "[:\"&.\", 18, 92, 23, 92, 89]": {
            "[:then, 19, 92, 23, 92, 89]": 0,
            "[:else, 20, 92, 23, 92, 89]": 0
          },
          "[:if, 21, 94, 4, 97, 7]": {
            "[:then, 22, 95, 6, 96, 64]": 0,
            "[:else, 23, 94, 4, 97, 7]": 0
          },
          "[:unless, 24, 102, 4, 102, 31]": {
            "[:else, 25, 102, 4, 102, 31]": 0,
            "[:then, 26, 102, 4, 102, 10]": 0
          },
          "[:unless, 27, 104, 4, 120, 7]": {
            "[:else, 28, 104, 4, 120, 7]": 0,
            "[:then, 29, 106, 6, 119, 65]": 0
          },
          "[:\"&.\", 30, 106, 28, 106, 47]": {
            "[:then, 31, 106, 28, 106, 47]": 0,
            "[:else, 32, 106, 28, 106, 47]": 0
          },
          "[:\"&.\", 33, 107, 19, 107, 44]": {
            "[:then, 34, 107, 19, 107, 44]": 0,
            "[:else, 35, 107, 19, 107, 44]": 0
          },
          "[:unless, 36, 127, 4, 127, 36]": {
            "[:else, 37, 127, 4, 127, 36]": 0,
            "[:then, 38, 127, 4, 127, 10]": 0
          }
        }
      },
      "/rails/app/controllers/concerns/store_scoped_authorization.rb": {
        "lines": [
          null,
          null,
          null,
          null,
          null,
          null,
          null,
          null,
          1,
          1,
          null,
          1,
          null,
          1,
          null,
          null,
          1,
          null,
          null,
          1,
          null,
          null,
          null,
          null,
          null,
          null,
          1,
          0,
          null,
          null,
          0,
          null,
          null,
          0,
          0,
          0,
          null,
          null,
          null,
          null,
          0,
          null,
          null,
          null,
          1,
          0,
          null,
          null,
          0,
          null,
          0,
          null,
          0,
          null,
          null,
          null,
          null,
          1,
          0,
          0,
          null,
          0,
          null,
          null,
          null,
          1,
          null,
          0,
          null,
          null,
          null,
          null,
          null,
          null,
          null,
          null,
          null,
          0,
          0,
          0,
          0,
          null,
          0,
          0,
          null,
          null,
          null,
          null,
          null,
          null,
          null,
          null,
          null,
          null,
          null,
          null,
          1,
          0,
          null,
          0,
          0,
          null,
          0,
          null,
          null,
          null,
          null,
          1,
          0,
          0,
          null,
          0,
          null,
          null,
          0,
          null,
          null,
          null,
          1,
          0,
          0,
          null,
          0,
          null,
          null,
          null,
          null,
          null,
          null,
          null,
          null,
          1,
          0,
          null,
          0,
          null,
          null,
          null,
          null,
          null,
          null,
          null,
          null,
          null,
          null,
          null,
          0,
          null,
          null,
          null,
          1,
          0,
          null,
          null,
          null,
          null,
          null,
          null,
          0,
          null,
          null,
          null,
          null,
          1,
          null,
          0,
          null,
          null,
          null,
          1,
          0,
          null,
          null,
          null,
          1,
          0,
          null,
          null,
          null,
          null,
          null,
          null,
          null,
          1,
          0,
          null,
          null,
          null,
          1,
          0,
          null,
          null,
          null,
          1,
          0,
          null,
          null,
          null,
          null,
          null,
          null,
          null,
          1,
          0,
          null,
          null,
          0,
          null,
          null,
          0,
          null,
          null,
          0,
          null,
          null,
          null,
          0,
          null,
          null,
          null,
          null,
          null,
          null,
          null,
          null,
          null,
          null,
          null,
          null,
          null,
          null,
          null,
          null,
          null,
          null,
          null,
          null,
          null,
          null,
          null,
          null,
          null,
          null,
          null,
          null,
          null,
          null,
          null,
          null,
          null,
          null,
          null,
          null,
          null
        ],
        "branches": {
          "[:unless, 0, 28, 4, 28, 45]": {
            "[:else, 1, 28, 4, 28, 45]": 0,
            "[:then, 2, 28, 4, 28, 10]": 0
          },
          "[:if, 3, 31, 4, 31, 41]": {
            "[:then, 4, 31, 4, 31, 10]": 0,
            "[:else, 5, 31, 4, 31, 41]": 0
          },
          "[:if, 6, 34, 4, 38, 7]": {
            "[:then, 7, 35, 6, 37, 9]": 0,
            "[:else, 8, 34, 4, 38, 7]": 0
          },
          "[:unless, 9, 35, 6, 37, 9]": {
            "[:else, 10, 35, 6, 37, 9]": 0,
            "[:then, 11, 36, 8, 36, 63]": 0
          },
          "[:if, 12, 41, 4, 41, 82]": {
            "[:then, 13, 41, 4, 41, 31]": 0,
            "[:else, 14, 41, 4, 41, 82]": 0
          },
          "[:unless, 15, 46, 4, 46, 42]": {
            "[:else, 16, 46, 4, 46, 42]": 0,
            "[:then, 17, 46, 4, 46, 16]": 0
          },
          "[:if, 18, 49, 4, 54, 7]": {
            "[:then, 19, 51, 6, 51, 10]": 0,
            "[:else, 20, 53, 6, 53, 55]": 0
          },
          "[:unless, 21, 59, 4, 59, 54]": {
            "[:else, 22, 59, 4, 59, 54]": 0,
            "[:then, 23, 59, 4, 59, 15]": 0
          },
          "[:if, 24, 60, 4, 60, 46]": {
            "[:then, 25, 60, 4, 60, 15]": 0,
            "[:else, 26, 60, 4, 60, 46]": 0
          },
          "[:\"&.\", 27, 72, 15, 72, 37]": {
            "[:then, 28, 72, 15, 72, 37]": 0,
            "[:else, 29, 72, 15, 72, 37]": 0
          },
          "[:\"&.\", 30, 73, 16, 73, 44]": {
            "[:then, 31, 73, 16, 73, 44]": 0,
            "[:else, 32, 73, 16, 73, 44]": 0
          },
          "[:if, 33, 98, 4, 98, 50]": {
            "[:then, 34, 98, 4, 98, 19]": 0,
            "[:else, 35, 98, 4, 98, 50]": 0
          },
          "[:if, 36, 100, 4, 104, 7]": {
            "[:then, 37, 101, 6, 101, 59]": 0,
            "[:else, 38, 103, 6, 103, 14]": 0
          },
          "[:if, 39, 109, 17, 113, 7]": {
            "[:then, 40, 110, 19, 110, 46]": 0,
            "[:else, 41, 112, 19, 112, 62]": 0
          },
          "[:if, 42, 120, 19, 124, 7]": {
            "[:then, 43, 121, 21, 121, 57]": 0,
            "[:else, 44, 123, 21, 123, 65]": 0
          },
          "[:unless, 45, 133, 4, 133, 43]": {
            "[:else, 46, 133, 4, 133, 43]": 0,
            "[:then, 47, 133, 4, 133, 10]": 0
          },
          "[:\"&.\", 48, 185, 23, 185, 48]": {
            "[:then, 49, 185, 23, 185, 48]": 0,
            "[:else, 50, 185, 23, 185, 48]": 0
          },
          "[:\"&.\", 51, 190, 4, 190, 32]": {
            "[:then, 52, 190, 4, 190, 32]": 0,
            "[:else, 53, 190, 4, 190, 32]": 0
          },
          "[:\"&.\", 54, 195, 4, 195, 28]": {
            "[:then, 55, 195, 4, 195, 28]": 0,
            "[:else, 56, 195, 4, 195, 28]": 0
          },
          "[:case, 57, 204, 4, 218, 7]": {
            "[:when, 58, 207, 6, 207, 10]": 0,
            "[:when, 59, 210, 6, 210, 77]": 0,
            "[:when, 60, 213, 6, 214, 55]": 0,
            "[:else, 61, 217, 6, 217, 73]": 0
          }
        }
      },
      "/rails/app/controllers/store_controllers/test_controller.rb": {
        "lines": [
          null,
          null,
          1,
          null,
          1,
          1,
          null,
          1,
          null,
          0,
          null,
          null,
          null
        ],
        "branches": {}
      },
      "/rails/app/decorators/application_decorator.rb": {
        "lines": [
          null,
          null,
          null,
          null,
          null,
          null,
          1,
          null,
          1,
          null,
          null,
          1,
          114,
          null,
          null,
          1,
          1,
          null,
          null,
          null,
          null,
          null,
          null,
          null,
          1,
          20,
          null,
          18,
          null,
          null,
          18,
          14,
          6,
          8,
          2,
          6,
          3,
          null,
          null,
          3,
          null,
          null,
          11,
          3,
          3,
          null,
          8,
          null,
          null,
          null,
          4,
          2,
          2,
          1,
          null,
          1,
          null,
          null,
          2,
          1,
          null,
          1,
          null,
          null,
          null,
          null,
          null,
          null,
          1,
          4,
          3,
          null,
          null,
          null,
          null,
          null,
          null,
          null,
          1,
          11,
          11,
          null,
          null,
          9,
          null,
          null,
          null,
          null,
          null,
          null,
          0,
          null,
          null,
          null,
          null,
          null,
          null,
          null,
          1,
          null,
          25,
          null,
          null,
          25,
          null,
          null,
          25,
          null,
          null,
          25,
          null,
          10,
          null,
          3,
          null,
          3,
          null,
          1,
          null,
          1,
          null,
          7,
          null,
          null,
          25,
          null,
          null,
          25,
          null,
          null,
          25,
          null,
          null,
          null,
          null,
          null,
          null,
          null,
          1,
          21,
          19,
          null,
          null,
          14,
          null,
          null,
          14,
          3,
          null,
          null,
          null,
          null,
          11,
          null,
          null,
          null,
          null,
          11,
          null,
          null,
          null,
          null,
          null,
          null,
          1,
          15,
          null,
          14,
          14,
          null,
          null,
          14,
          13,
          null,
          6,
          6,
          6,
          null,
          7,
          null,
          null,
          1,
          null,
          null,
          null,
          14,
          null,
          null,
          null,
          null,
          null,
          null,
          null,
          null,
          null,
          null,
          null,
          1,
          13,
          null,
          6,
          null,
          1,
          null,
          6,
          null,
          null,
          13,
          null,
          6,
          null,
          1,
          null,
          6,
          null,
          null,
          13,
          13,
          null,
          13,
          null,
          null,
          null,
          null,
          null,
          null,
          null,
          null,
          1,
          null,
          25,
          null,
          null,
          25,
          null,
          6,
          null,
          10,
          null,
          8,
          null,
          null,
          null,
          25,
          25,
          null,
          null,
          25,
          2,
          null,
          23,
          null,
          null,
          null,
          25,
          null,
          null,
          null,
          null,
          null,
          null,
          null,
          null,
          null,
          null,
          25,
          null,
          null,
          null,
          null,
          null,
          null,
          null,
          null,
          null,
          null,
          null,
          1,
          0,
          0,
          0,
          0,
          0,
          0,
          null,
          0,
          0,
          null,
          0,
          0,
          null,
          null,
          0,
          0,
          0,
          null,
          0,
          0,
          0,
          0,
          null,
          0,
          null,
          null,
          0,
          0,
          null,
          null,
          0,
          0,
          0,
          null,
          0,
          null,
          null,
          0,
          0,
          0,
          null,
          null,
          null,
          0,
          null,
          null,
          null,
          null,
          null,
          0,
          0,
          null,
          null,
          null,
          0,
          0,
          0,
          null,
          null,
          null,
          0,
          null,
          null,
          null,
          null,
          null,
          null,
          null,
          null,
          null,
          null,
          1,
          0,
          0,
          0,
          0,
          0,
          null,
          0,
          0,
          0,
          0,
          0,
          0,
          null,
          0,
          0,
          0,
          null,
          null,
          null,
          null,
          null,
          null,
          null,
          null,
          null,
          null,
          null,
          null,
          1,
          0,
          0,
          0,
          0,
          0,
          null,
          0,
          0,
          null,
          null,
          0,
          0,
          0,
          0,
          0,
          null,
          0,
          null,
          null,
          null,
          0,
          0,
          0,
          0,
          null,
          0,
          0,
          null,
          null,
          0,
          null,
          null,
          null,
          0,
          0,
          null,
          null,
          null,
          0,
          0,
          0,
          null,
          null,
          null,
          0,
          null,
          null,
          null,
          null,
          null,
          null,
          null,
          null,
          1,
          0,
          0,
          0,
          null,
          0,
          0,
          0,
          null,
          0,
          0,
          0,
          0,
          null,
          0,
          0,
          0,
          0,
          null,
          null,
          0,
          0,
          0,
          null,
          null,
          null,
          null,
          null,
          null,
          null,
          null,
          null,
          null,
          null,
          1,
          0,
          null,
          0,
          0,
          null,
          0,
          null,
          null,
          null,
          null,
          null,
          null,
          null,
          1,
          0,
          null,
          0,
          null,
          null,
          null,
          null,
          null,
          null,
          null,
          null,
          null,
          1,
          0,
          null,
          0,
          0,
          null,
          0,
          0,
          null,
          0,
          null,
          null,
          null,
          null,
          null,
          null,
          null,
          null,
          null,
          null,
          null,
          null,
          null,
          null,
          null,
          null,
          null,
          null,
          null
        ],
        "branches": {
          "[:if, 0, 26, 4, 26, 50]": {
            "[:then, 1, 26, 4, 26, 37]": 2,
            "[:else, 2, 26, 4, 26, 50]": 18
          },
          "[:if, 3, 31, 4, 65, 7]": {
            "[:then, 4, 32, 6, 48, 9]": 14,
            "[:else, 5, 51, 6, 64, 9]": 4
          },
          "[:if, 6, 32, 6, 41, 9]": {
            "[:then, 7, 33, 8, 33, 43]": 6,
            "[:else, 8, 34, 6, 40, 36]": 8
          },
          "[:if, 9, 34, 6, 40, 36]": {
            "[:then, 10, 35, 8, 35, 47]": 2,
            "[:else, 11, 36, 6, 40, 36]": 6
          },
          "[:if, 12, 36, 6, 40, 36]": {
            "[:then, 13, 37, 8, 37, 45]": 3,
            "[:else, 14, 40, 8, 40, 36]": 3
          },
          "[:if, 15, 43, 6, 48, 9]": {
            "[:then, 16, 44, 8, 45, 52]": 3,
            "[:else, 17, 47, 8, 47, 17]": 8
          },
          "[:if, 18, 51, 6, 64, 9]": {
            "[:then, 19, 52, 8, 57, 11]": 2,
            "[:else, 20, 59, 8, 63, 11]": 2
          },
          "[:if, 21, 53, 8, 57, 11]": {
            "[:then, 22, 54, 10, 54, 73]": 1,
            "[:else, 23, 56, 10, 56, 66]": 1
          },
          "[:if, 24, 59, 8, 63, 11]": {
            "[:then, 25, 60, 10, 60, 38]": 1,
            "[:else, 26, 62, 10, 62, 31]": 1
          },
          "[:unless, 27, 70, 4, 70, 30]": {
            "[:else, 28, 70, 4, 70, 30]": 3,
            "[:then, 29, 70, 4, 70, 14]": 1
          },
          "[:if, 30, 81, 4, 81, 39]": {
            "[:then, 31, 81, 4, 81, 24]": 2,
            "[:else, 32, 81, 4, 81, 39]": 9
          },
          "[:if, 33, 101, 13, 101, 62]": {
            "[:then, 34, 101, 43, 101, 56]": 22,
            "[:else, 35, 101, 59, 101, 62]": 3
          },
          "[:if, 36, 104, 37, 104, 71]": {
            "[:then, 37, 104, 46, 104, 66]": 18,
            "[:else, 38, 104, 69, 104, 71]": 3
          },
          "[:case, 39, 110, 20, 123, 7]": {
            "[:when, 40, 112, 6, 112, 21]": 10,
            "[:when, 41, 114, 6, 114, 21]": 3,
            "[:when, 42, 116, 6, 116, 20]": 3,
            "[:when, 43, 118, 6, 118, 18]": 1,
            "[:when, 44, 120, 6, 120, 21]": 1,
            "[:else, 45, 122, 6, 122, 23]": 7
          },
          "[:if, 46, 128, 4, 128, 61]": {
            "[:then, 47, 128, 4, 128, 38]": 2,
            "[:else, 48, 128, 4, 128, 61]": 23
          },
          "[:if, 49, 140, 4, 140, 41]": {
            "[:then, 50, 140, 4, 140, 16]": 2,
            "[:else, 51, 140, 4, 140, 41]": 19
          },
          "[:if, 52, 141, 4, 141, 35]": {
            "[:then, 53, 141, 4, 141, 21]": 5,
            "[:else, 54, 141, 4, 141, 35]": 14
          },
          "[:if, 55, 144, 17, 144, 63]": {
            "[:then, 56, 144, 42, 144, 50]": 14,
            "[:else, 57, 144, 53, 144, 63]": 0
          },
          "[:unless, 58, 147, 4, 149, 7]": {
            "[:else, 59, 147, 4, 149, 7]": 11,
            "[:then, 60, 148, 6, 148, 31]": 3
          },
          "[:if, 61, 166, 4, 166, 26]": {
            "[:then, 62, 166, 4, 166, 13]": 1,
            "[:else, 63, 166, 4, 166, 26]": 14
          },
          "[:if, 64, 172, 4, 183, 7]": {
            "[:then, 65, 173, 6, 180, 9]": 13,
            "[:else, 66, 182, 6, 182, 70]": 1
          },
          "[:if, 67, 173, 6, 180, 9]": {
            "[:then, 68, 175, 8, 177, 56]": 6,
            "[:else, 69, 179, 8, 179, 24]": 7
          },
          "[:if, 70, 186, 4, 186, 53]": {
            "[:then, 71, 186, 22, 186, 41]": 2,
            "[:else, 72, 186, 44, 186, 53]": 12
          },
          "[:case, 73, 199, 17, 206, 7]": {
            "[:when, 74, 201, 6, 201, 39]": 6,
            "[:when, 75, 203, 6, 203, 40]": 1,
            "[:else, 76, 205, 6, 205, 38]": 6
          },
          "[:case, 77, 208, 18, 215, 7]": {
            "[:when, 78, 210, 6, 210, 44]": 6,
            "[:when, 79, 212, 6, 212, 44]": 1,
            "[:else, 80, 214, 6, 214, 41]": 6
          },
          "[:if, 81, 218, 4, 218, 53]": {
            "[:then, 82, 218, 4, 218, 34]": 2,
            "[:else, 83, 218, 4, 218, 53]": 11
          },
          "[:case, 84, 234, 31, 241, 34]": {
            "[:when, 85, 236, 33, 236, 41]": 6,
            "[:when, 86, 238, 33, 238, 42]": 10,
            "[:else, 87, 240, 33, 240, 42]": 8
          },
          "[:if, 88, 245, 4, 245, 56]": {
            "[:then, 89, 245, 4, 245, 37]": 1,
            "[:else, 90, 245, 4, 245, 56]": 24
          },
          "[:if, 91, 248, 12, 252, 7]": {
            "[:then, 92, 249, 6, 249, 8]": 2,
            "[:else, 93, 251, 6, 251, 46]": 23
          },
          "[:if, 94, 287, 4, 287, 42]": {
            "[:then, 95, 287, 4, 287, 29]": 0,
            "[:else, 96, 287, 4, 287, 42]": 0
          },
          "[:if, 97, 293, 6, 325, 9]": {
            "[:then, 98, 294, 8, 324, 11]": 0,
            "[:else, 99, 293, 6, 325, 9]": 0
          },
          "[:if, 100, 297, 10, 303, 13]": {
            "[:then, 101, 298, 12, 302, 40]": 0,
            "[:else, 102, 297, 10, 303, 13]": 0
          },
          "[:if, 103, 299, 26, 299, 95]": {
            "[:then, 104, 299, 33, 299, 90]": 0,
            "[:else, 105, 299, 93, 299, 95]": 0
          },
          "[:if, 106, 305, 10, 307, 13]": {
            "[:then, 107, 306, 12, 306, 89]": 0,
            "[:else, 108, 305, 10, 307, 13]": 0
          },
          "[:if, 109, 309, 10, 314, 13]": {
            "[:then, 110, 310, 12, 313, 42]": 0,
            "[:else, 111, 309, 10, 314, 13]": 0
          },
          "[:if, 112, 316, 10, 323, 13]": {
            "[:then, 113, 317, 12, 320, 15]": 0,
            "[:else, 114, 322, 12, 322, 41]": 0
          },
          "[:if, 115, 329, 8, 329, 45]": {
            "[:then, 116, 329, 23, 329, 40]": 0,
            "[:else, 117, 329, 43, 329, 45]": 0
          },
          "[:if, 118, 333, 6, 337, 9]": {
            "[:then, 119, 334, 8, 336, 11]": 0,
            "[:else, 120, 333, 6, 337, 9]": 0
          },
          "[:if, 121, 358, 4, 358, 43]": {
            "[:then, 122, 358, 4, 358, 34]": 0,
            "[:else, 123, 358, 4, 358, 43]": 0
          },
          "[:if, 124, 359, 4, 359, 47]": {
            "[:then, 125, 359, 4, 359, 36]": 0,
            "[:else, 126, 359, 4, 359, 47]": 0
          },
          "[:if, 127, 360, 4, 360, 49]": {
            "[:then, 128, 360, 4, 360, 37]": 0,
            "[:else, 129, 360, 4, 360, 49]": 0
          },
          "[:if, 130, 361, 4, 361, 44]": {
            "[:then, 131, 361, 4, 361, 36]": 0,
            "[:else, 132, 361, 4, 361, 44]": 0
          },
          "[:if, 133, 362, 4, 362, 43]": {
            "[:then, 134, 362, 4, 362, 30]": 0,
            "[:else, 135, 362, 4, 362, 43]": 0
          },
          "[:if, 136, 366, 8, 366, 45]": {
            "[:then, 137, 366, 23, 366, 40]": 0,
            "[:else, 138, 366, 43, 366, 45]": 0
          },
          "[:if, 139, 390, 6, 397, 9]": {
            "[:then, 140, 391, 8, 396, 29]": 0,
            "[:else, 141, 390, 6, 397, 9]": 0
          },
          "[:if, 142, 393, 10, 393, 79]": {
            "[:then, 143, 393, 10, 393, 67]": 0,
            "[:else, 144, 393, 10, 393, 79]": 0
          },
          "[:if, 145, 400, 6, 410, 9]": {
            "[:then, 146, 401, 8, 407, 11]": 0,
            "[:else, 147, 409, 8, 409, 58]": 0
          },
          "[:if, 148, 405, 23, 405, 60]": {
            "[:then, 149, 405, 38, 405, 55]": 0,
            "[:else, 150, 405, 58, 405, 60]": 0
          },
          "[:if, 151, 409, 20, 409, 57]": {
            "[:then, 152, 409, 35, 409, 52]": 0,
            "[:else, 153, 409, 55, 409, 57]": 0
          },
          "[:if, 154, 413, 6, 415, 9]": {
            "[:then, 155, 414, 8, 414, 80]": 0,
            "[:else, 156, 413, 6, 415, 9]": 0
          },
          "[:if, 157, 418, 6, 422, 9]": {
            "[:then, 158, 419, 8, 421, 11]": 0,
            "[:else, 159, 418, 6, 422, 9]": 0
          },
          "[:if, 160, 439, 4, 439, 48]": {
            "[:then, 161, 439, 4, 439, 40]": 0,
            "[:else, 162, 439, 4, 439, 48]": 0
          },
          "[:if, 163, 440, 4, 440, 75]": {
            "[:then, 164, 440, 4, 440, 53]": 0,
            "[:else, 165, 440, 4, 440, 75]": 0
          },
          "[:if, 166, 445, 8, 445, 52]": {
            "[:then, 167, 445, 8, 445, 30]": 0,
            "[:else, 168, 445, 8, 445, 52]": 0
          },
          "[:if, 169, 447, 8, 457, 11]": {
            "[:then, 170, 448, 10, 451, 13]": 0,
            "[:else, 171, 453, 10, 456, 13]": 0
          },
          "[:if, 172, 449, 24, 449, 98]": {
            "[:then, 173, 449, 40, 449, 93]": 0,
            "[:else, 174, 449, 96, 449, 98]": 0
          },
          "[:if, 175, 454, 24, 454, 98]": {
            "[:then, 176, 454, 40, 454, 93]": 0,
            "[:else, 177, 454, 96, 454, 98]": 0
          },
          "[:if, 178, 468, 4, 468, 53]": {
            "[:then, 179, 468, 4, 468, 39]": 0,
            "[:else, 180, 468, 4, 468, 53]": 0
          },
          "[:if, 181, 482, 4, 482, 51]": {
            "[:then, 182, 482, 4, 482, 37]": 0,
            "[:else, 183, 482, 4, 482, 51]": 0
          },
          "[:if, 184, 495, 4, 495, 29]": {
            "[:then, 185, 495, 4, 495, 16]": 0,
            "[:else, 186, 495, 4, 495, 29]": 0
          }
        }
      },
      "/rails/app/models/current.rb": {
        "lines": [
          null,
          null,
          null,
          null,
          null,
          null,
          null,
          null,
          null,
          1,
          null,
          1,
          1,
          1,
          null,
          null,
          1,
          null,
          null,
          1,
          null,
          null,
          1,
          null,
          null,
          1,
          null,
          null,
          1,
          null,
          null,
          null,
          1,
          null,
          null,
          null,
          1,
          null,
          null,
          1,
          null,
          null,
          1,
          null,
          null,
          1,
          null,
          null,
          null,
          1,
          0,
          0,
          0,
          0,
          null,
          null,
          0,
          null,
          null,
          null,
          null,
          null,
          null,
          1,
          0,
          0,
          0,
          null,
          null,
          null,
          null,
          1,
          829,
          null,
          null,
          null,
          null,
          1,
          371,
          null,
          null,
          null,
          1,
          0,
          0,
          0,
          null,
          null,
          null,
          1,
          0,
          0,
          0,
          null,
          null,
          null,
          1,
          0,
          null,
          null,
          null,
          1,
          0,
          null,
          null,
          null,
          null,
          null,
          null,
          null,
          null,
          null,
          null,
          null,
          null,
          null,
          null,
          null,
          null,
          null,
          null,
          null,
          null,
          null,
          null
        ],
        "branches": {
          "[:unless, 0, 51, 4, 51, 25]": {
            "[:else, 1, 51, 4, 51, 25]": 0,
            "[:then, 2, 51, 4, 51, 10]": 0
          },
          "[:if, 3, 65, 4, 65, 44]": {
            "[:then, 4, 65, 4, 65, 34]": 0,
            "[:else, 5, 65, 4, 65, 44]": 0
          },
          "[:if, 6, 66, 4, 66, 38]": {
            "[:then, 7, 66, 4, 66, 30]": 0,
            "[:else, 8, 66, 4, 66, 38]": 0
          },
          "[:if, 9, 67, 4, 67, 34]": {
            "[:then, 10, 67, 4, 67, 24]": 0,
            "[:else, 11, 67, 4, 67, 34]": 0
          },
          "[:if, 12, 92, 4, 92, 38]": {
            "[:then, 13, 92, 4, 92, 30]": 0,
            "[:else, 14, 92, 4, 92, 38]": 0
          },
          "[:if, 15, 93, 4, 93, 34]": {
            "[:then, 16, 93, 4, 93, 24]": 0,
            "[:else, 17, 93, 4, 93, 34]": 0
          }
        }
      },
      "/rails/app/models/store.rb": {
        "lines": [
          null,
          null,
          1,
          null,
          1,
          null,
          null,
          1,
          null,
          null,
          null,
          null,
          null,
          1,
          1,
          1,
          1,
          null,
          null,
          1,
          1,
          null,
          null,
          null,
          null,
          1,
          1,
          null,
          null,
          null,
          1,
          1,
          1,
          1,
          null,
          null,
          null,
          null,
          null,
          1,
          null,
          null,
          null,
          null,
          6,
          1,
          1,
          1,
          null,
          null,
          null,
          null,
          1,
          null,
          null,
          null,
          null,
          null,
          null,
          1,
          0,
          null,
          null,
          null,
          1,
          0,
          null,
          null,
          null,
          1,
          0,
          null,
          null,
          null,
          null,
          null,
          null,
          null,
          null,
          1,
          null,
          0,
          null,
          null,
          0,
          0,
          null,
          null,
          null,
          1,
          null,
          0,
          0,
          null,
          0,
          null,
          null,
          null,
          null,
          1,
          4,
          null,
          null,
          null,
          null,
          null,
          1,
          4,
          4,
          4,
          null,
          null,
          null,
          1,
          0,
          null,
          null,
          null,
          1,
          0,
          null,
          null,
          null,
          null,
          null,
          null,
          null,
          1,
          0,
          0,
          null,
          0,
          null,
          null,
          null,
          null,
          1,
          0,
          null,
          0,
          null,
          null,
          0,
          null,
          null,
          null,
          0,
          null,
          null,
          null,
          0,
          null,
          null,
          null,
          null,
          1,
          0,
          null,
          0,
          null,
          0,
          0,
          0,
          null,
          null,
          null,
          null,
          null,
          null,
          null,
          null,
          0,
          0,
          0,
          null,
          null,
          null,
          null,
          null,
          null,
          null,
          null,
          0,
          0,
          0,
          null,
          null,
          null,
          null,
          null,
          null,
          null,
          null,
          0,
          0,
          0,
          null,
          null,
          null,
          null,
          null,
          null,
          null,
          null,
          0,
          null,
          null,
          null,
          1,
          0,
          null,
          null,
          0,
          0,
          0,
          null,
          null,
          null,
          null,
          null,
          null,
          null,
          0,
          0,
          0,
          null,
          null,
          null,
          null,
          null,
          null,
          null,
          0,
          0,
          0,
          null,
          null,
          null,
          null,
          null,
          null,
          null,
          0,
          0,
          0,
          null,
          null,
          null,
          null,
          null,
          null,
          0,
          null,
          null,
          null,
          1,
          null,
          0,
          0,
          null,
          null,
          0,
          0,
          null,
          null,
          0,
          0,
          null,
          null,
          0,
          null,
          0,
          null,
          null,
          null,
          1,
          null,
          0,
          null,
          null,
          null,
          null,
          null,
          null,
          null,
          null,
          null,
          null,
          null,
          null,
          null,
          null,
          null,
          null,
          null,
          null,
          null,
          null,
          null,
          null,
          null,
          1,
          0,
          0,
          0,
          null,
          null,
          null,
          null,
          1,
          0,
          null,
          null,
          0,
          null,
          null,
          0,
          null,
          null,
          null,
          null,
          null,
          null,
          null,
          null,
          null,
          null,
          null,
          null,
          null,
          null,
          null,
          null,
          null,
          null,
          null,
          null,
          null,
          null,
          null,
          null,
          null,
          null,
          null,
          null,
          null,
          null,
          null,
          null,
          null,
          null,
          null,
          null,
          null,
          null,
          null,
          1,
          null,
          null,
          1,
          0,
          null,
          null,
          null,
          null,
          null,
          null,
          null,
          null,
          null,
          null,
          1,
          157,
          0,
          null,
          0,
          null,
          null,
          0,
          0,
          null,
          0,
          0,
          0,
          null,
          null,
          0,
          null,
          null
        ],
        "branches": {
          "[:if, 0, 47, 33, 47, 73]": {
            "[:then, 1, 47, 33, 47, 54]": 0,
            "[:else, 2, 47, 33, 47, 73]": 0
          },
          "[:if, 3, 48, 29, 48, 69]": {
            "[:then, 4, 48, 29, 48, 52]": 0,
            "[:else, 5, 48, 29, 48, 69]": 0
          },
          "[:if, 6, 82, 4, 82, 47]": {
            "[:then, 7, 82, 4, 82, 14]": 0,
            "[:else, 8, 82, 4, 82, 47]": 0
          },
          "[:if, 9, 92, 4, 96, 7]": {
            "[:then, 10, 93, 6, 93, 44]": 0,
            "[:else, 11, 95, 6, 95, 37]": 0
          },
          "[:if, 12, 109, 4, 109, 90]": {
            "[:then, 13, 109, 4, 109, 48]": 4,
            "[:else, 14, 109, 4, 109, 90]": 0
          },
          "[:if, 15, 129, 4, 133, 7]": {
            "[:then, 16, 130, 6, 130, 9]": 0,
            "[:else, 17, 132, 6, 132, 43]": 0
          },
          "[:if, 18, 162, 6, 169, 9]": {
            "[:then, 19, 163, 8, 168, 9]": 0,
            "[:else, 20, 162, 6, 169, 9]": 0
          },
          "[:if, 21, 173, 6, 180, 9]": {
            "[:then, 22, 174, 8, 179, 9]": 0,
            "[:else, 23, 173, 6, 180, 9]": 0
          },
          "[:if, 24, 184, 6, 191, 9]": {
            "[:then, 25, 185, 8, 190, 9]": 0,
            "[:else, 26, 184, 6, 191, 9]": 0
          },
          "[:if, 27, 195, 6, 202, 9]": {
            "[:then, 28, 196, 8, 201, 9]": 0,
            "[:else, 29, 195, 6, 202, 9]": 0
          },
          "[:if, 30, 214, 4, 220, 7]": {
            "[:then, 31, 215, 6, 219, 7]": 0,
            "[:else, 32, 214, 4, 220, 7]": 0
          },
          "[:if, 33, 224, 4, 230, 7]": {
            "[:then, 34, 225, 6, 229, 7]": 0,
            "[:else, 35, 224, 4, 230, 7]": 0
          },
          "[:if, 36, 234, 4, 240, 7]": {
            "[:then, 37, 235, 6, 239, 7]": 0,
            "[:else, 38, 234, 4, 240, 7]": 0
          },
          "[:if, 39, 244, 4, 250, 7]": {
            "[:then, 40, 245, 6, 249, 7]": 0,
            "[:else, 41, 244, 4, 250, 7]": 0
          },
          "[:if, 42, 259, 4, 259, 112]": {
            "[:then, 43, 259, 4, 259, 63]": 0,
            "[:else, 44, 259, 4, 259, 112]": 0
          },
          "[:if, 45, 263, 4, 263, 124]": {
            "[:then, 46, 263, 4, 263, 69]": 0,
            "[:else, 47, 263, 4, 263, 124]": 0
          },
          "[:if, 48, 267, 4, 267, 124]": {
            "[:then, 49, 267, 4, 267, 69]": 0,
            "[:else, 50, 267, 4, 267, 124]": 0
          },
          "[:unless, 51, 305, 6, 305, 43]": {
            "[:else, 52, 305, 6, 305, 43]": 0,
            "[:then, 53, 305, 6, 305, 16]": 0
          },
          "[:if, 54, 373, 4, 373, 27]": {
            "[:then, 55, 373, 4, 373, 10]": 157,
            "[:else, 56, 373, 4, 373, 27]": 0
          },
          "[:unless, 57, 374, 4, 374, 31]": {
            "[:else, 58, 374, 4, 374, 31]": 0,
            "[:then, 59, 374, 4, 374, 10]": 0
          },
          "[:while, 60, 382, 4, 385, 7]": {
            "[:body, 61, 383, 6, 384, 18]": 0
          }
        }
      },
      "/rails/app/models/audit_log.rb": {
        "lines": [
          null,
          null,
          1,
          null,
          1,
          null,
          null,
          null,
          1,
          null,
          null,
          null,
          null,
          1,
          0,
          null,
          null,
          1,
          0,
          null,
          null,
          null,
          1,
          1,
          null,
          439,
          1,
          null,
          null,
          1,
          1,
          1,
          1,
          1,
          1,
          1,
          null,
          null,
          1,
          null,
          null,
          null,
          null,
          null,
          null,
          null,
          null,
          null,
          null,
          null,
          null,
          null,
          null,
          null,
          1,
          0,
          null,
          null,
          1,
          0,
          null,
          null,
          null,
          null,
          null,
          null,
          1,
          null,
          0,
          null,
          null,
          0,
          null,
          null,
          null,
          null,
          null,
          null,
          null,
          null,
          null,
          null,
          null,
          null,
          null,
          null,
          null,
          0,
          0,
          null,
          null,
          null,
          1,
          1,
          null,
          null,
          438,
          null,
          438,
          null,
          null,
          null,
          null,
          null,
          null,
          null,
          null,
          null,
          null,
          1,
          0,
          null,
          null,
          null,
          null,
          null,
          null,
          null,
          null,
          null,
          null,
          null,
          null,
          null,
          null,
          null,
          null,
          null,
          null,
          null,
          null,
          null,
          null,
          null,
          null,
          null,
          null,
          null,
          null,
          null,
          null,
          null,
          null,
          null,
          null,
          null,
          null,
          null,
          null,
          null,
          null,
          null,
          null
        ],
        "branches": {
          "[:if, 0, 15, 4, 15, 32]": {
            "[:then, 1, 15, 4, 15, 8]": 0,
            "[:else, 2, 15, 4, 15, 32]": 0
          },
          "[:if, 3, 19, 4, 19, 36]": {
            "[:then, 4, 19, 4, 19, 8]": 0,
            "[:else, 5, 19, 4, 19, 36]": 0
          },
          "[:\"&.\", 6, 56, 4, 56, 15]": {
            "[:then, 7, 56, 4, 56, 15]": 0,
            "[:else, 8, 56, 4, 56, 15]": 0
          },
          "[:if, 9, 69, 4, 69, 62]": {
            "[:then, 10, 69, 4, 69, 10]": 0,
            "[:else, 11, 69, 4, 69, 62]": 0
          },
          "[:\"&.\", 12, 81, 21, 81, 33]": {
            "[:then, 13, 81, 21, 81, 33]": 0,
            "[:else, 14, 81, 21, 81, 33]": 0
          }
        }
      },
      "/rails/app/models/inter_store_transfer.rb": {
        "lines": [
          null,
          null,
          1,
          null,
          1,
          1,
          1,
          null,
          null,
          1,
          1,
          1,
          1,
          1,
          null,
          null,
          null,
          null,
          1,
          null,
          null,
          null,
          null,
          null,
          null,
          null,
          null,
          1,
          null,
          null,
          null,
          null,
          null,
          null,
          null,
          null,
          1,
          1,
          null,
          1,
          1,
          0,
          null,
          null,
          1,
          1,
          1,
          null,
          null,
          null,
          null,
          1,
          1,
          1,
          1,
          1,
          null,
          null,
          null,
          null,
          1,
          1,
          1,
          1,
          null,
          1,
          null,
          1,
          1,
          1,
          1,
          1,
          null,
          null,
          null,
          null,
          null,
          null,
          1,
          0,
          0,
          0,
          0,
          0,
          0,
          0,
          null,
          null,
          null,
          null,
          1,
          0,
          0,
          0,
          0,
          null,
          null,
          null,
          null,
          1,
          0,
          null,
          null,
          null,
          1,
          0,
          null,
          0,
          null,
          null,
          null,
          1,
          0,
          null,
          null,
          null,
          1,
          0,
          null,
          null,
          null,
          1,
          0,
          null,
          null,
          null,
          1,
          0,
          null,
          null,
          0,
          null,
          0,
          null,
          null,
          0,
          null,
          null,
          null,
          null,
          1,
          0,
          null,
          0,
          0,
          null,
          0,
          null,
          null,
          0,
          0,
          null,
          null,
          0,
          null,
          null,
          null,
          1,
          0,
          null,
          null,
          null,
          1,
          0,
          0,
          null,
          0,
          null,
          null,
          null,
          1,
          0,
          null,
          0,
          0,
          null,
          null,
          null,
          null,
          null,
          null,
          null,
          null,
          0,
          null,
          null,
          0,
          null,
          null,
          null,
          1,
          0,
          null,
          0,
          0,
          null,
          null,
          null,
          null,
          null,
          null,
          0,
          null,
          null,
          null,
          null,
          0,
          null,
          null,
          0,
          null,
          null,
          null,
          1,
          0,
          null,
          0,
          0,
          0,
          null,
          null,
          null,
          0,
          0,
          0,
          null,
          null,
          null,
          0,
          0,
          0,
          null,
          0,
          0,
          null,
          null,
          0,
          null,
          null,
          null,
          null,
          null,
          null,
          null,
          0,
          null,
          null,
          0,
          0,
          null,
          null,
          null,
          null,
          null,
          null,
          null,
          1,
          0,
          0,
          null,
          0,
          0,
          null,
          null,
          null,
          null,
          null,
          null,
          null,
          1,
          0,
          null,
          null,
          null,
          1,
          0,
          0,
          null,
          null,
          0,
          null,
          null,
          null,
          null,
          null,
          null,
          null,
          null,
          null,
          1,
          0,
          null,
          null,
          0,
          null,
          null,
          null,
          null,
          null,
          null,
          null,
          null,
          null,
          null,
          null,
          null,
          null,
          null,
          null,
          null,
          null,
          null,
          null,
          null,
          null,
          null,
          null,
          null,
          null,
          null,
          null,
          null,
          null,
          null,
          null,
          1,
          null,
          null,
          1,
          0,
          null,
          null,
          null,
          1,
          0,
          0,
          null,
          null,
          null,
          null,
          1,
          0,
          null,
          0,
          0,
          0,
          null,
          null,
          null,
          null,
          1,
          0,
          null,
          null,
          0,
          null,
          null,
          null,
          null,
          null,
          null,
          null,
          0,
          0,
          null,
          0,
          0,
          null,
          null,
          null,
          null,
          1,
          0,
          0,
          null,
          0,
          null,
          null,
          null,
          1,
          0,
          0,
          null,
          0,
          null,
          null,
          null,
          1,
          0,
          null,
          0,
          null,
          null,
          0,
          null,
          0,
          null,
          null,
          0,
          null,
          null,
          null,
          null,
          1,
          0,
          null,
          0,
          0,
          null,
          null,
          1,
          0,
          null,
          0,
          null,
          0,
          null,
          0,
          null,
          null,
          1,
          0,
          null,
          null,
          null,
          null,
          null,
          null,
          null,
          1,
          null,
          0,
          null,
          0,
          0,
          null,
          null,
          null,
          null,
          0,
          0,
          null,
          null,
          null,
          null,
          null
        ],
        "branches": {
          "[:case, 0, 80, 4, 87, 7]": {
            "[:when, 1, 81, 24, 81, 38]": 0,
            "[:when, 2, 82, 25, 82, 39]": 0,
            "[:when, 3, 83, 25, 83, 33]": 0,
            "[:when, 4, 84, 27, 84, 38]": 0,
            "[:when, 5, 85, 26, 85, 34]": 0,
            "[:when, 6, 86, 26, 86, 43]": 0,
            "[:else, 7, 80, 4, 87, 7]": 0
          },
          "[:case, 8, 92, 4, 96, 7]": {
            "[:when, 9, 93, 23, 93, 31]": 0,
            "[:when, 10, 94, 23, 94, 31]": 0,
            "[:when, 11, 95, 26, 95, 37]": 0,
            "[:else, 12, 92, 4, 96, 7]": 0
          },
          "[:unless, 13, 106, 4, 106, 50]": {
            "[:else, 14, 106, 4, 106, 50]": 0,
            "[:then, 15, 106, 4, 106, 14]": 0
          },
          "[:unless, 16, 128, 4, 128, 41]": {
            "[:else, 17, 128, 4, 128, 41]": 0,
            "[:then, 18, 128, 4, 128, 16]": 0
          },
          "[:if, 19, 131, 4, 137, 7]": {
            "[:then, 20, 133, 6, 133, 50]": 0,
            "[:else, 21, 136, 6, 136, 60]": 0
          },
          "[:unless, 22, 142, 4, 142, 50]": {
            "[:else, 23, 142, 4, 142, 50]": 0,
            "[:then, 24, 142, 4, 142, 16]": 0
          },
          "[:if, 25, 147, 22, 147, 56]": {
            "[:then, 26, 147, 46, 147, 49]": 0,
            "[:else, 27, 147, 52, 147, 56]": 0
          },
          "[:unless, 28, 165, 4, 165, 40]": {
            "[:else, 29, 165, 4, 165, 40]": 0,
            "[:then, 30, 165, 4, 165, 16]": 0
          },
          "[:unless, 31, 172, 4, 172, 35]": {
            "[:else, 32, 172, 4, 172, 35]": 0,
            "[:then, 33, 172, 4, 172, 16]": 0
          },
          "[:unless, 34, 192, 4, 192, 35]": {
            "[:else, 35, 192, 4, 192, 35]": 0,
            "[:then, 36, 192, 4, 192, 16]": 0
          },
          "[:unless, 37, 215, 4, 215, 36]": {
            "[:else, 38, 215, 4, 215, 36]": 0,
            "[:then, 39, 215, 4, 215, 16]": 0
          },
          "[:if, 40, 258, 4, 266, 7]": {
            "[:then, 41, 259, 6, 259, 9]": 0,
            "[:else, 42, 261, 6, 265, 7]": 0
          },
          "[:if, 43, 335, 4, 337, 7]": {
            "[:then, 44, 336, 6, 336, 109]": 0,
            "[:else, 45, 335, 4, 337, 7]": 0
          },
          "[:unless, 46, 342, 4, 342, 55]": {
            "[:else, 47, 342, 4, 342, 55]": 0,
            "[:then, 48, 342, 4, 342, 10]": 0
          },
          "[:\"&.\", 49, 345, 11, 345, 47]": {
            "[:then, 50, 345, 11, 345, 47]": 0,
            "[:else, 51, 345, 11, 345, 47]": 0
          },
          "[:\"&.\", 52, 345, 11, 345, 60]": {
            "[:then, 53, 345, 11, 345, 60]": 0,
            "[:else, 54, 345, 11, 345, 60]": 0
          },
          "[:unless, 55, 345, 4, 347, 7]": {
            "[:else, 56, 345, 4, 347, 7]": 0,
            "[:then, 57, 346, 6, 346, 85]": 0
          },
          "[:unless, 58, 352, 4, 352, 33]": {
            "[:else, 59, 352, 4, 352, 33]": 0,
            "[:then, 60, 352, 4, 352, 10]": 0
          },
          "[:\"&.\", 61, 366, 11, 366, 62]": {
            "[:then, 62, 366, 11, 366, 62]": 0,
            "[:else, 63, 366, 11, 366, 62]": 0
          },
          "[:unless, 64, 366, 4, 368, 7]": {
            "[:else, 65, 366, 4, 368, 7]": 0,
            "[:then, 66, 367, 6, 367, 98]": 0
          },
          "[:unless, 67, 374, 4, 374, 34]": {
            "[:else, 68, 374, 4, 374, 34]": 0,
            "[:then, 69, 374, 4, 374, 10]": 0
          },
          "[:unless, 70, 382, 4, 382, 34]": {
            "[:else, 71, 382, 4, 382, 34]": 0,
            "[:then, 72, 382, 4, 382, 10]": 0
          },
          "[:unless, 73, 389, 4, 389, 41]": {
            "[:else, 74, 389, 4, 389, 41]": 0,
            "[:then, 75, 389, 4, 389, 10]": 0
          },
          "[:case, 76, 391, 4, 400, 7]": {
            "[:when, 77, 394, 6, 394, 69]": 0,
            "[:when, 78, 396, 6, 396, 28]": 0,
            "[:when, 79, 399, 6, 399, 60]": 0,
            "[:else, 80, 391, 4, 400, 7]": 0
          },
          "[:if, 81, 405, 4, 405, 39]": {
            "[:then, 82, 405, 4, 405, 14]": 0,
            "[:else, 83, 405, 4, 405, 39]": 0
          },
          "[:if, 84, 416, 4, 416, 30]": {
            "[:then, 85, 416, 4, 416, 14]": 0,
            "[:else, 86, 416, 4, 416, 30]": 0
          },
          "[:if, 87, 432, 4, 444, 7]": {
            "[:then, 88, 434, 6, 443, 9]": 0,
            "[:else, 89, 432, 4, 444, 7]": 0
          },
          "[:if, 90, 434, 6, 437, 9]": {
            "[:then, 91, 435, 8, 436, 81]": 0,
            "[:else, 92, 434, 6, 437, 9]": 0
          },
          "[:if, 93, 440, 6, 443, 9]": {
            "[:then, 94, 441, 8, 442, 91]": 0,
            "[:else, 95, 440, 6, 443, 9]": 0
          }
        }
      },
      "/rails/app/models/compliance_audit_log.rb": {
        "lines": [
          null,
          null,
          null,
          null,
          null,
          null,
          null,
          null,
          null,
          null,
          null,
          null,
          null,
          null,
          null,
          null,
          null,
          null,
          1,
          null,
          null,
          null,
          1,
          null,
          null,
          null,
          null,
          1,
          0,
          null,
          null,
          1,
          0,
          null,
          null,
          null,
          null,
          null,
          null,
          null,
          null,
          null,
          1,
          1,
          1,
          1,
          null,
          null,
          null,
          null,
          null,
          null,
          1,
          null,
          null,
          null,
          null,
          null,
          null,
          null,
          1,
          null,
          null,
          null,
          null,
          null,
          null,
          null,
          null,
          null,
          1,
          1,
          1,
          1,
          1,
          1,
          null,
          null,
          1,
          0,
          null,
          null,
          null,
          1,
          null,
          null,
          1,
          null,
          null,
[...]
          0,
          0,
          null,
          null,
          0,
          0,
          0,
          0,
          0,
          0,
          0,
          null,
          null,
          null,
          null,
          null,
          0,
          0,
          0,
          0,
          null,
          0,
          null,
          0,
          0,
          null,
          0,
          0,
          0,
          0,
          0,
          0,
          0,
          0,
          0,
          0,
          0,
          null,
          0,
          0,
          null,
          0,
          0,
          null,
          null,
          null,
          null,
          null,
          0,
          null,
          0,
          0,
          0,
          0,
          null,
          0,
          0,
          0,
          0,
          0,
          0,
          0,
          0,
          0,
          0,
          0,
          0,
          0,
          0,
          0,
          0,
          0,
          null,
          0,
          null,
          0,
          null,
          0,
          null,
          0,
          null,
          0,
          0,
          0,
          0,
          null,
          null,
          0,
          0,
          null,
          0,
          0,
          null,
          0,
          null,
          0,
          0,
          0,
          0,
          0,
          0,
          0,
          0,
          null,
          0,
          0,
          0,
          0,
          null,
          0,
          null,
          0,
          null,
          null,
          0,
          0,
          0,
          0,
          null,
          null,
          0,
          null,
          null,
          0,
          0,
          null,
          0,
          0,
          0,
          0,
          0,
          0,
          0,
          0,
          0,
          null,
          null,
          0,
          null,
          0,
          0,
          0,
          null,
          0,
          0,
          0,
          0,
          0,
          0,
          0,
          0,
          null,
          0,
          null,
          0,
          null,
          0,
          0,
          null,
          0,
          0,
          0,
          0,
          0,
          0,
          0,
          0,
          0,
          0,
          0,
          0,
          null,
          0,
          0,
          0,
          null,
          0,
          0,
          null,
          null,
          0,
          null,
          0,
          0,
          null,
          null,
          0,
          0,
          0,
          null,
          null,
          0,
          0,
          null,
          0,
          0,
          0,
          null,
          0,
          0,
          0,
          null,
          null,
          0,
          null,
          0,
          null,
          null,
          0,
          0,
          0,
          0,
          null,
          null,
          0,
          0,
          0,
          0,
          null,
          null,
          0,
          0,
          0,
          0,
          0,
          0,
          0,
          0,
          null,
          0,
          0,
          null,
          null,
          0,
          0,
          null,
          0,
          0,
          0,
          0,
          null,
          0,
          0,
          null,
          0,
          0,
          0,
          null,
          null,
          null,
          null,
          null,
          0,
          0,
          0,
          0,
          0,
          0,
          0,
          0,
          null,
          0,
          0,
          null,
          null,
          0,
          null,
          0,
          null,
          null,
          0,
          0,
          0,
          null,
          0,
          0,
          0,
          0,
          null,
          null,
          0,
          null,
          0,
          0,
          0,
          0,
          0,
          0,
          0,
          0,
          0,
          0,
          0,
          null,
          0,
          0,
          0,
          null,
          0,
          0,
          0,
          null,
          null,
          0,
          0,
          0,
          0,
          0,
          null,
          0,
          0,
          0,
          0,
          0,
          null,
          0,
          0,
          null,
          0,
          null,
          null,
          0,
          0,
          0,
          null,
          null,
          0,
          0,
          0,
          null,
          null,
          0,
          0,
          null,
          null,
          0,
          0,
          null,
          null,
          0,
          0,
          null,
          null,
          0,
          0,
          0,
          0,
          null,
          0,
          0,
          null,
          0,
          null,
          null,
          0,
          null,
          null,
          0,
          0,
          null,
          null,
          0,
          0,
          null,
          null,
          0,
          null,
          null,
          0,
          null,
          null,
          0,
          null,
          null,
          0,
          null,
          null,
          0,
          0,
          0,
          null,
          null,
          0,
          0,
          0,
          null,
          null,
          null,
          null,
          null,
          0,
          0,
          null,
          null,
          0,
          null,
          0,
          0,
          null,
          0,
          null,
          0,
          0,
          null,
          0,
          0,
          0,
          0,
          null,
          null,
          0,
          0,
          0,
          0,
          0,
          null,
          0,
          0,
          0,
          0,
          0,
          0,
          null,
          0,
          0,
          null,
          0,
          0,
          null,
          null,
          0,
          null,
          0,
          null,
          null,
          0,
          null,
          0,
          0,
          0,
          0,
          0,
          0,
          0,
          0,
          0,
          null,
          null,
          0,
          0,
          0,
          null,
          0,
          0,
          null,
          0,
          0,
          null,
          null,
          0,
          null,
          0,
          0,
          null,
          null,
          0,
          0,
          0,
          null,
          0,
          0,
          null,
          0,
          0,
          0,
          0,
          0,
          0,
          0,
          0,
          0,
          0,
          null,
          0,
          0,
          null,
          0,
          0,
          null,
          0,
          0,
          null,
          0,
          0,
          0,
          0,
          0,
          0,
          null,
          0,
          0,
          null,
          0,
          0,
          null,
          0,
          0,
          null,
          0,
          0,
          null,
          0,
          0,
          0,
          0,
          0,
          0,
          0,
          0,
          0,
          null,
          0,
          0,
          null,
          null,
          0,
          0,
          null,
          0,
          0,
          0,
          0,
          null,
          null,
          null,
          null,
          null,
          0,
          0,
          0,
          0,
          0,
          0,
          0,
          0,
          0,
          0,
          null,
          null,
          0,
          0,
          0,
          0,
          0,
          0,
          0,
          0,
          0,
          null,
          null,
          null,
          null,
          null,
          0,
          0,
          null,
          null,
          0,
          null,
          null,
          0,
          0,
          0,
          null,
          0,
          0,
          0,
          0,
          0,
          0,
          0,
          0,
          0,
          0,
          0,
          0,
          null,
          0,
          0,
          0,
          0,
          0,
          null,
          null,
          0,
          0,
          0,
          0,
          0,
          0,
          0,
          0,
          0,
          0,
          null,
          null,
          0,
          null,
          0,
          null,
          0,
          0,
          0,
          0,
          0,
          0,
          0,
          0,
          0,
          0,
          0,
          0,
          0,
          0,
          0,
          0,
          0,
          0,
          0,
          0,
          0,
          0,
          0,
          0,
          0,
          0,
          0,
          0,
          0,
          0,
          0,
          0,
          0,
          0,
          0,
          0,
          0,
          0,
          0,
          0,
          null,
          0,
          0,
          0,
          0,
          0,
          0,
          0,
          0,
          0,
          0,
          0,
          0,
          null,
          null,
          0,
          0,
          0,
          null,
          0,
          null,
          null,
          0,
          0,
          0,
          0,
          0,
          null,
          null,
          null,
          null,
          null,
          null,
          null,
          null,
          null,
          null,
          null,
          null,
          null,
          null,
          null,
          null,
          null,
          null,
          null,
          null,
          null,
          null,
          null,
          null,
          null,
          null,
          null,
          null,
          null,
          null,
          null,
          null,
          null,
          null,
          null,
          null,
          null,
          null,
          null,
          null,
          null,
          null,
          null,
          null,
          null,
          null,
          null,
          null,
          null,
          null,
          null,
          null,
          null,
          null,
          null,
          null,
          null,
          null,
          null,
          null,
          null,
          null,
          null,
          null,
          null,
          null,
          null,
          null,
          null,
          null,
          null,
          null,
          null,
          null,
          null,
          null,
          null,
          null,
          null,
          null,
          null,
          null,
          null,
          null,
          null,
          null,
          null,
          null,
          null,
          null,
          null,
          null,
          null,
          null,
          null,
          null,
          null,
          null,
          null,
          null,
          null,
          null,
          null,
          null,
          null,
          null,
          null,
          null,
          null,
          null,
          null,
          null,
          null,
          null,
          null,
          null,
          null,
          null,
          null,
          null,
          null,
          null,
          null,
          null,
          null,
          null,
          null,
          null,
          null,
          null,
          null,
          null,
          null,
          null,
          null,
          null,
          null,
          null,
          null,
          null,
          null,
          null,
          null,
          null,
          null,
          null,
          null,
          null,
          null,
          null,
          null,
          null,
          null,
          null,
          null,
          null,
          null,
          null,
          null,
          null,
          null,
          null,
          null,
          null,
          null,
          null,
          0
        ],
        "branches": {}
      },
      "/rails/lib/secure_job_performance_monitor.rb": {
        "lines": [
          null,
          null,
          null,
          null,
          null,
          null,
          null,
          null,
          null,
          null,
          null,
          null,
          null,
          null,
          null,
          0,
          null,
          null,
          null,
          null,
          null,
          0,
          null,
          0,
          0,
          null,
          null,
          0,
          0,
          null,
          null,
          0,
          0,
          null,
          null,
          0,
          0,
          0,
          null,
          null,
          0,
          null,
          null,
          null,
          null,
          null,
          0,
          null,
          null,
          null,
          null,
          null,
          null,
          0,
          0,
          0,
          null,
          0,
          0,
          0,
          0,
          0,
          0,
          0,
          0,
          0,
          null,
          null,
          0,
          null,
          0,
          0,
          0,
          0,
          null,
          0,
          0,
          null,
          null,
          null,
          null,
          null,
          null,
          null,
          0,
          0,
          0,
          0,
          0,
          null,
          0,
          0,
          0,
          0,
          0,
          0,
          0,
          0,
          0,
          0,
          null,
          null,
          0,
          null,
          null,
          0,
          null,
          null,
          0,
          null,
          0,
          0,
          0,
          0,
          0,
          0,
          0,
          0,
          null,
          0,
          0,
          null,
          null,
          null,
          null,
          null,
          null,
          null,
          0,
          0,
          0,
          null,
          0,
          0,
          null,
          0,
          0,
          0,
          0,
          null,
          0,
          0,
          0,
          0,
          0,
          0,
          0,
          0,
          null,
          null,
          0,
          null,
          null,
          0,
          null,
          0,
          0,
          0,
          0,
          0,
          0,
          0,
          0,
          null,
          0,
          null,
          0,
          0,
          0,
          0,
          0,
          null,
          0,
          0,
          0,
          0,
          0,
          0,
          0,
          0,
          0,
          0,
          null,
          0,
          null,
          0,
          0,
          0,
          0,
          0,
          0,
          0,
          null,
          0,
          0,
          0,
          null,
          null,
          null,
          null,
          null,
          0,
          0,
          0,
          0,
          0,
          0,
          0,
          0,
          null,
          null,
          null,
          null,
          null,
          0,
          0,
          null,
          0,
          0,
          0,
          0,
          0,
          0,
          0,
          0,
          0,
          0,
          0,
          null,
          0,
          null,
          null,
          null,
          null,
          null,
          0,
          null,
          0,
          0,
          0,
          0,
          0,
          null,
          0,
          0,
          0,
          null,
          0,
          0,
          null,
          0,
          null,
          0,
          null,
          0,
          0,
          0,
          null,
          null,
          null,
          0,
          0,
          0,
          0,
          null,
          null,
          null,
          null,
          null,
          0,
          0,
          0,
          0,
          0,
          null,
          0,
          0,
          0,
          0,
          null,
          0,
          0,
          null,
          0,
          null,
          0,
          0,
          null,
          0,
          0,
          0,
          0,
          0,
          null,
          0,
          0,
          null,
          0,
          0,
          0,
          0,
          0,
          0,
          0,
          0,
          null,
          null,
          null,
          null,
          null,
          0,
          0,
          null,
          0,
          0,
          0,
          0,
          0,
          0,
          0,
          null,
          null,
          0,
          0,
          null,
          0,
          0,
          null,
          0,
          0,
          null,
          0,
          0,
          null,
          0,
          0,
          null,
          null,
          0,
          0,
          null,
          0,
          0,
          0,
          0,
          0,
          0,
          0,
          null,
          null,
          null,
          null,
          null,
          0,
          0,
          null,
          null,
          0,
          0,
          0,
          0,
          0,
          0,
          0,
          0,
          0,
          0,
          0,
          0,
          0,
          0,
          0,
          null,
          null,
          0,
          0,
          0,
          0,
          0,
          0,
          0,
          0,
          0,
          0,
          0,
          0,
          0,
          0,
          0,
          null,
          null,
          0,
          0,
          null,
          0,
          0,
          null,
          0,
          0,
          0,
          0,
          0,
          0,
          0,
          0,
          null,
          0,
          0,
          0,
          0,
          0,
          0,
          0,
          0,
          null,
          0,
          0,
          null,
          0,
          0,
          0,
          0,
          0,
          0,
          0,
          0,
          0,
          null,
          0,
          null,
          null,
          0,
          0,
          null,
          0,
          0,
          0,
          0,
          0,
          0,
          0,
          0,
          null,
          0,
          null,
          0,
          0,
          null,
          0,
          null,
          null,
          null,
          0,
          0,
          0,
          null,
          0,
          0,
          0,
          0,
          0,
          0,
          null,
          null,
          null,
          null,
          null,
          0,
          null,
          0,
          0,
          0,
          0,
          0,
          0,
          0,
          0,
          0,
          null,
          0,
          null,
          0,
          0,
          0,
          0,
          0,
          0,
          0,
          null,
          0,
          0,
          0,
          0,
          0,
          0,
          0,
          0,
          null,
          0,
          null,
          0,
          0,
          null,
          0,
          null,
          0,
          0,
          0,
          0,
          0,
          0,
          0,
          0,
          null,
          null,
          null,
          null,
          null,
          0,
          0,
          0,
          null,
          0,
          0,
          0,
          null,
          0,
          null,
          null,
          0,
          null,
          0,
          null,
          null,
          0,
          null,
          0,
          null,
          null,
          0,
          0,
          null,
          0,
          null,
          null,
          0,
          0,
          0,
          0
        ],
        "branches": {}
      }
    },
    "timestamp": 1750899423
  }
}
